<?xml version="1.0" encoding="UTF-8"?>
<!-- Generated by org.testng.reporters.JUnitReportReporter -->
<testsuite hostname="PARsLaptop" failures="0" tests="1" name="com.test.DragAndDrop" time="11.139" errors="0" timestamp="2024-12-28T17:45:44 CET" skipped="0">
  <testcase classname="com.test.DragAndDrop" name="DragDrop" time="11.139"/>
</testsuite> <!-- com.test.DragAndDrop -->
