<?xml version="1.0" encoding="UTF-8"?>
<!-- Generated by org.testng.reporters.JUnitReportReporter -->
<testsuite hostname="PARsLaptop" failures="0" tests="2" name="com.test.MultiTest" time="0.670" errors="0" timestamp="2024-12-28T17:45:44 CET" skipped="0">
  <testcase classname="com.test.MultiTest" name="SelectDropDown" time="0.213"/>
  <testcase classname="com.test.MultiTest" name="DragAndDrop" time="0.457"/>
</testsuite> <!-- com.test.MultiTest -->
