<?xml version="1.0" encoding="UTF-8"?>
<!-- Generated by org.testng.reporters.JUnitReportReporter -->
<testsuite hostname="PARsLaptop" failures="0" tests="2" name="com.test.MultiTest" time="0.734" errors="0" timestamp="2024-12-28T17:35:28 CET" skipped="0">
  <testcase classname="com.test.MultiTest" name="SelectDropDown" time="0.257"/>
  <testcase classname="com.test.MultiTest" name="DragAndDrop" time="0.477"/>
</testsuite> <!-- com.test.MultiTest -->
